Arguments: 
  C:\Program Files\nodejs\node.exe C:\Users\newtons\AppData\Roaming\npm\node_modules\yarn\bin\yarn.js add handlebars-intl

PATH: 
  B:\oracle\product\10.2.0\db_1\bin;C:\Program Files\Java\jdk1.8.0_171\bin;C:\Program Files\Git\cmd;C:\Program Files\Git\mingw32\bin;C:\Program Files\Git\usr\bin;C:\Program Files\nodejs\;C:\Users\newtons\AppData\Roaming\npm;C:\Program Files\nodejs;C:\Users\newtons\AppData\Roaming\npm;C:\Users\newtons\AppData\Local\Programs\Microsoft VS Code\bin

Yarn version: 
  1.19.1

Node version: 
  10.16.3

Platform: 
  win32 ia32

Trace: 
  Error: connect ETIMEDOUT 104.16.18.35:443
      at TCPConnectWrap.afterConnect [as oncomplete] (net.js:1106:14)

npm manifest: 
  {
    "name": "profile",
    "version": "1.0.0",
    "description": "its all about nodejs and express application these asre backend app",
    "main": "server.js",
    "scripts": {
      "test": "echo \"Error: no test specified\" && exit 1"
    },
    "keywords": [
      "nodejs",
      "expressjs",
      "mongodb",
      "expresshandlebars",
      "multer",
      "bodyparser"
    ],
    "author": "shashi",
    "license": "ISC",
    "dependencies": {
      "express": "^4.17.1",
      "express-handlebars": "^3.1.0",
      "mongoose": "^5.8.0",
      "multer": "^1.4.2"
    }
  }

yarn manifest: 
  No manifest

Lockfile: 
  No lockfile
